app/build/intermediates/manifest_merge_blame_file/debug/manifest-merger-blame-debug-report.txt
1<?xml version="1.0" encoding="utf-8"?>
2<manifest xmlns:android="http://schemas.android.com/apk/res/android"
3    package="com.example.homelibrary"
4    android:versionCode="1"
5    android:versionName="1.0" >
6
7    <uses-sdk
7-->src\main\AndroidManifest.xml:7:5-8:41
8        android:minSdkVersion="14"
8-->src\main\AndroidManifest.xml:7:15-41
9        android:targetSdkVersion="19" />
9-->src\main\AndroidManifest.xml:8:9-38
10
11    <uses-permission android:name="android.permission.WRITE_EXTERNAL_STORAGE" />
11-->src\main\AndroidManifest.xml:10:5-81
11-->src\main\AndroidManifest.xml:10:22-78
12    <uses-permission android:name="android.permission.READ_EXTERNAL_STORAGE" />
12-->src\main\AndroidManifest.xml:11:5-80
12-->src\main\AndroidManifest.xml:11:22-77
13
14    <application
14-->src\main\AndroidManifest.xml:13:5-57:19
15        android:allowBackup="true"
15-->src\main\AndroidManifest.xml:14:9-35
16        android:debuggable="true"
17        android:icon="@drawable/libraryicon1"
17-->src\main\AndroidManifest.xml:15:9-46
18        android:label="@string/app_name"
18-->src\main\AndroidManifest.xml:16:9-41
19        android:testOnly="true"
20        android:theme="@style/AppTheme" > <!-- android:name="android.support.multidex.MultiDexApplication" -->
20-->src\main\AndroidManifest.xml:17:9-40
21
22        <meta-data
22-->src\main\AndroidManifest.xml:19:9-21:43
23            android:name="android.app.default_searchable"
23-->src\main\AndroidManifest.xml:20:13-58
24            android:value=".app.Search" />
24-->src\main\AndroidManifest.xml:21:13-40
25
26        <activity
26-->src\main\AndroidManifest.xml:23:9-31:20
27            android:name="com.example.homelibrary.HomeLibrary_MainActivity"
27-->src\main\AndroidManifest.xml:24:13-76
28            android:label="@string/app_name" >
28-->src\main\AndroidManifest.xml:25:13-45
29            <intent-filter>
29-->src\main\AndroidManifest.xml:26:13-30:29
30                <action android:name="android.intent.action.MAIN" />
30-->src\main\AndroidManifest.xml:27:17-69
30-->src\main\AndroidManifest.xml:27:25-66
31
32                <category android:name="android.intent.category.LAUNCHER" />
32-->src\main\AndroidManifest.xml:29:17-77
32-->src\main\AndroidManifest.xml:29:27-74
33            </intent-filter>
34        </activity>
35        <activity
35-->src\main\AndroidManifest.xml:33:9-41:20
36            android:name="com.example.homelibrary.Books_Activity"
36-->src\main\AndroidManifest.xml:34:13-66
37            android:label="@string/app_name" >
37-->src\main\AndroidManifest.xml:35:13-45
38            <meta-data
38-->src\main\AndroidManifest.xml:19:9-21:43
39                android:name="android.app.default_searchable"
39-->src\main\AndroidManifest.xml:20:13-58
40                android:value="com.example.homelibrary.SearchResultsActivity" />
40-->src\main\AndroidManifest.xml:21:13-40
41        </activity>
42        <activity
42-->src\main\AndroidManifest.xml:43:9-55:20
43            android:name="com.example.homelibrary.SearchResultsActivity"
43-->src\main\AndroidManifest.xml:44:13-73
44            android:label="@string/title_activity_search_results" >
44-->src\main\AndroidManifest.xml:45:13-66
45            <meta-data
45-->src\main\AndroidManifest.xml:47:14-49:54
46                android:name="android.app.searchable"
46-->src\main\AndroidManifest.xml:48:17-54
47                android:resource="@xml/searchable" />
47-->src\main\AndroidManifest.xml:49:17-51
48
49            <intent-filter>
49-->src\main\AndroidManifest.xml:51:13-53:23
50                <action android:name="android.intent.action.SEARCH" />
50-->src\main\AndroidManifest.xml:52:11-65
50-->src\main\AndroidManifest.xml:52:19-62
51            </intent-filter>
52        </activity>
53    </application>
54
55</manifest>